Command Line Args: Namespace(config_file='./configs/C10_R20-FRN-SiLU/C10_R20-FRN-SiLU_SGD.yaml', weight_file='./outputs/C10_R20-FRN-SiLU/SGD_20211022/best_acc1.pth.tar', ensemble_size=128, ensemble_progress=True, opts=[])

Standard metrics on test examples:
  # Ens     ACC     NLL     ECE     ENT     KLD
-------  ------  ------  ------  ------  ------
      1  0.8551  0.5609  0.0859  0.1880  0.0000
      2  0.8735  0.4337  0.0295  0.2704  0.4967
      3  0.8786  0.3962  0.0198  0.2990  0.4856
      4  0.8826  0.3722  0.0149  0.3163  0.4803
      5  0.8824  0.3654  0.0143  0.3288  0.4834
      6  0.8841  0.3569  0.0140  0.3379  0.4811
      7  0.8857  0.3520  0.0120  0.3427  0.4843
      8  0.8884  0.3464  0.0134  0.3467  0.4859
      9  0.8898  0.3427  0.0158  0.3507  0.4859
     10  0.8912  0.3402  0.0169  0.3543  0.4862
     11  0.8910  0.3381  0.0163  0.3557  0.4864
     12  0.8912  0.3358  0.0168  0.3579  0.4878
     13  0.8919  0.3337  0.0175  0.3603  0.4871
     14  0.8914  0.3312  0.0163  0.3617  0.4877
     15  0.8912  0.3296  0.0174  0.3637  0.4875
     16  0.8907  0.3284  0.0179  0.3648  0.4889
     17  0.8932  0.3273  0.0192  0.3655  0.4891
     18  0.8922  0.3271  0.0186  0.3657  0.4879
     19  0.8932  0.3271  0.0187  0.3662  0.4873
     20  0.8949  0.3265  0.0198  0.3668  0.4881
     21  0.8940  0.3259  0.0188  0.3678  0.4884
     22  0.8940  0.3256  0.0196  0.3690  0.4895
     23  0.8942  0.3254  0.0194  0.3696  0.4892
     24  0.8935  0.3252  0.0188  0.3701  0.4910
     25  0.8942  0.3254  0.0198  0.3705  0.4912
     26  0.8942  0.3247  0.0201  0.3708  0.4914
     27  0.8934  0.3238  0.0199  0.3713  0.4907
     28  0.8933  0.3231  0.0195  0.3719  0.4906
     29  0.8929  0.3232  0.0190  0.3723  0.4908
     30  0.8926  0.3221  0.0200  0.3724  0.4918
     31  0.8933  0.3222  0.0199  0.3730  0.4923
     32  0.8929  0.3223  0.0207  0.3735  0.4916
     33  0.8930  0.3224  0.0195  0.3738  0.4914
     34  0.8928  0.3221  0.0192  0.3741  0.4924
     35  0.8927  0.3220  0.0187  0.3742  0.4920
     36  0.8933  0.3221  0.0190  0.3746  0.4916
     37  0.8928  0.3219  0.0186  0.3748  0.4919
     38  0.8935  0.3220  0.0191  0.3751  0.4917
     39  0.8936  0.3216  0.0193  0.3753  0.4912
     40  0.8933  0.3214  0.0196  0.3759  0.4920
     41  0.8930  0.3216  0.0189  0.3762  0.4918
     42  0.8916  0.3213  0.0183  0.3764  0.4916
     43  0.8931  0.3211  0.0198  0.3766  0.4917
     44  0.8932  0.3207  0.0194  0.3768  0.4916
     45  0.8934  0.3207  0.0194  0.3770  0.4921
     46  0.8928  0.3206  0.0196  0.3774  0.4924
     47  0.8935  0.3205  0.0199  0.3778  0.4923
     48  0.8931  0.3204  0.0197  0.3778  0.4923
     49  0.8936  0.3205  0.0200  0.3779  0.4920
     50  0.8939  0.3200  0.0202  0.3781  0.4925
     51  0.8941  0.3200  0.0211  0.3783  0.4928
     52  0.8933  0.3197  0.0196  0.3785  0.4928
     53  0.8938  0.3199  0.0202  0.3788  0.4927
     54  0.8937  0.3199  0.0201  0.3789  0.4923
     55  0.8938  0.3200  0.0203  0.3790  0.4925
     56  0.8935  0.3197  0.0199  0.3791  0.4923
     57  0.8942  0.3197  0.0207  0.3793  0.4925
     58  0.8940  0.3195  0.0205  0.3794  0.4925
     59  0.8939  0.3196  0.0204  0.3796  0.4926
     60  0.8941  0.3194  0.0205  0.3794  0.4931
     61  0.8938  0.3195  0.0203  0.3795  0.4935
     62  0.8941  0.3196  0.0207  0.3798  0.4936
     63  0.8944  0.3195  0.0212  0.3799  0.4934
     64  0.8939  0.3194  0.0213  0.3799  0.4933
     65  0.8942  0.3194  0.0214  0.3801  0.4935
     66  0.8938  0.3194  0.0214  0.3803  0.4934
     67  0.8938  0.3194  0.0218  0.3802  0.4931
     68  0.8939  0.3195  0.0218  0.3804  0.4930
     69  0.8937  0.3194  0.0224  0.3806  0.4935
     70  0.8941  0.3195  0.0217  0.3806  0.4931
     71  0.8939  0.3194  0.0220  0.3805  0.4929
     72  0.8940  0.3193  0.0222  0.3806  0.4931
     73  0.8939  0.3195  0.0227  0.3808  0.4934
     74  0.8938  0.3194  0.0232  0.3807  0.4935
     75  0.8939  0.3194  0.0233  0.3807  0.4934
     76  0.8945  0.3192  0.0233  0.3808  0.4929
     77  0.8937  0.3192  0.0228  0.3808  0.4931
     78  0.8940  0.3194  0.0232  0.3809  0.4930
     79  0.8945  0.3193  0.0239  0.3808  0.4931
     80  0.8940  0.3191  0.0240  0.3810  0.4931
     81  0.8945  0.3190  0.0239  0.3811  0.4933
     82  0.8936  0.3189  0.0230  0.3812  0.4932
     83  0.8936  0.3189  0.0235  0.3813  0.4934
     84  0.8928  0.3189  0.0229  0.3813  0.4934
     85  0.8931  0.3188  0.0225  0.3812  0.4934
     86  0.8941  0.3190  0.0237  0.3814  0.4935
     87  0.8941  0.3190  0.0235  0.3815  0.4936
     88  0.8935  0.3189  0.0226  0.3814  0.4933
     89  0.8935  0.3189  0.0225  0.3815  0.4931
     90  0.8938  0.3187  0.0226  0.3815  0.4929
     91  0.8937  0.3187  0.0225  0.3817  0.4927
     92  0.8936  0.3184  0.0228  0.3817  0.4929
     93  0.8939  0.3186  0.0221  0.3820  0.4931
     94  0.8935  0.3187  0.0220  0.3820  0.4930
     95  0.8938  0.3187  0.0220  0.3822  0.4930
     96  0.8933  0.3185  0.0223  0.3821  0.4928
     97  0.8937  0.3186  0.0230  0.3822  0.4931
     98  0.8944  0.3187  0.0225  0.3822  0.4930
     99  0.8945  0.3184  0.0234  0.3822  0.4928
    100  0.8945  0.3185  0.0234  0.3822  0.4928
    101  0.8948  0.3185  0.0236  0.3822  0.4926
    102  0.8952  0.3184  0.0244  0.3822  0.4925
    103  0.8953  0.3183  0.0240  0.3821  0.4923
    104  0.8953  0.3183  0.0236  0.3822  0.4922
    105  0.8953  0.3185  0.0234  0.3823  0.4921
    106  0.8948  0.3185  0.0240  0.3824  0.4921
    107  0.8949  0.3185  0.0234  0.3824  0.4923
    108  0.8952  0.3186  0.0237  0.3824  0.4926
    109  0.8950  0.3185  0.0236  0.3824  0.4927
    110  0.8950  0.3185  0.0245  0.3825  0.4929
    111  0.8945  0.3185  0.0239  0.3826  0.4930
    112  0.8948  0.3185  0.0240  0.3827  0.4933
    113  0.8947  0.3185  0.0233  0.3826  0.4935
    114  0.8952  0.3184  0.0233  0.3827  0.4936
    115  0.8952  0.3184  0.0233  0.3827  0.4935
    116  0.8952  0.3184  0.0233  0.3827  0.4933
    117  0.8956  0.3184  0.0237  0.3826  0.4932
    118  0.8952  0.3183  0.0229  0.3827  0.4933
    119  0.8954  0.3183  0.0232  0.3828  0.4935
    120  0.8951  0.3181  0.0230  0.3828  0.4933
    121  0.8951  0.3180  0.0232  0.3829  0.4935
    122  0.8948  0.3180  0.0224  0.3829  0.4935
    123  0.8948  0.3179  0.0229  0.3830  0.4933
    124  0.8944  0.3178  0.0224  0.3829  0.4933
    125  0.8943  0.3177  0.0218  0.3829  0.4932
    126  0.8944  0.3175  0.0224  0.3829  0.4934
    127  0.8946  0.3175  0.0222  0.3829  0.4934
    128  0.8949  0.3175  0.0227  0.3829  0.4932

Calibrated metrics on test examples:
  # Ens     ACC     NLL     ECE     ENT      TS
-------  ------  ------  ------  ------  ------
      1  0.8551  0.4763  0.0305  0.4694  1.5219
      2  0.8735  0.4122  0.0213  0.4026  1.2703
      3  0.8786  0.3878  0.0194  0.3719  1.1563
      4  0.8826  0.3694  0.0184  0.3552  1.0828
      5  0.8824  0.3643  0.0155  0.3510  1.0469
      6  0.8841  0.3567  0.0153  0.3458  1.0164
      7  0.8857  0.3520  0.0125  0.3408  0.9961
      8  0.8884  0.3465  0.0121  0.3355  0.9766
      9  0.8898  0.3428  0.0131  0.3315  0.9602
     10  0.8912  0.3401  0.0122  0.3297  0.9492
     11  0.8910  0.3379  0.0109  0.3269  0.9406
     12  0.8912  0.3355  0.0101  0.3237  0.9297
     13  0.8919  0.3331  0.0113  0.3238  0.9258
     14  0.8914  0.3303  0.0094  0.3221  0.9195
     15  0.8912  0.3284  0.0098  0.3222  0.9164
     16  0.8907  0.3270  0.0104  0.3216  0.9133
     17  0.8932  0.3257  0.0101  0.3196  0.9078
     18  0.8922  0.3255  0.0102  0.3186  0.9055
     19  0.8932  0.3256  0.0094  0.3178  0.9031
     20  0.8949  0.3248  0.0096  0.3168  0.9000
     21  0.8940  0.3241  0.0091  0.3160  0.8969
     22  0.8940  0.3236  0.0096  0.3154  0.8937
     23  0.8942  0.3234  0.0090  0.3145  0.8906
     24  0.8935  0.3231  0.0100  0.3142  0.8891
     25  0.8942  0.3233  0.0116  0.3149  0.8898
     26  0.8942  0.3225  0.0095  0.3142  0.8883
     27  0.8934  0.3215  0.0103  0.3142  0.8875
     28  0.8933  0.3206  0.0095  0.3140  0.8859
     29  0.8929  0.3207  0.0097  0.3139  0.8852
     30  0.8926  0.3194  0.0092  0.3140  0.8852
     31  0.8933  0.3195  0.0079  0.3142  0.8844
     32  0.8929  0.3195  0.0069  0.3138  0.8828
     33  0.8930  0.3196  0.0072  0.3139  0.8828
     34  0.8928  0.3192  0.0067  0.3131  0.8805
     35  0.8927  0.3191  0.0075  0.3127  0.8797
     36  0.8933  0.3192  0.0052  0.3126  0.8789
     37  0.8928  0.3190  0.0076  0.3124  0.8781
     38  0.8935  0.3191  0.0064  0.3121  0.8773
     39  0.8936  0.3186  0.0053  0.3122  0.8773
     40  0.8933  0.3183  0.0070  0.3123  0.8766
     41  0.8930  0.3185  0.0061  0.3122  0.8758
     42  0.8916  0.3181  0.0071  0.3119  0.8750
     43  0.8931  0.3178  0.0057  0.3117  0.8742
     44  0.8932  0.3175  0.0048  0.3114  0.8734
     45  0.8934  0.3173  0.0051  0.3116  0.8734
     46  0.8928  0.3172  0.0062  0.3119  0.8734
     47  0.8935  0.3171  0.0055  0.3114  0.8719
     48  0.8931  0.3169  0.0059  0.3111  0.8711
     49  0.8936  0.3170  0.0048  0.3107  0.8703
     50  0.8939  0.3164  0.0059  0.3109  0.8703
     51  0.8941  0.3164  0.0045  0.3107  0.8695
     52  0.8933  0.3160  0.0070  0.3103  0.8687
     53  0.8938  0.3162  0.0065  0.3105  0.8687
     54  0.8937  0.3162  0.0086  0.3106  0.8687
     55  0.8938  0.3163  0.0074  0.3103  0.8680
     56  0.8935  0.3160  0.0069  0.3103  0.8680
     57  0.8942  0.3160  0.0083  0.3105  0.8680
     58  0.8940  0.3157  0.0060  0.3102  0.8672
     59  0.8939  0.3158  0.0069  0.3099  0.8664
     60  0.8941  0.3157  0.0060  0.3097  0.8664
     61  0.8938  0.3157  0.0084  0.3098  0.8664
     62  0.8941  0.3158  0.0080  0.3097  0.8656
     63  0.8944  0.3156  0.0076  0.3098  0.8656
     64  0.8939  0.3156  0.0080  0.3093  0.8648
     65  0.8942  0.3156  0.0086  0.3099  0.8656
     66  0.8938  0.3155  0.0080  0.3100  0.8656
     67  0.8938  0.3155  0.0073  0.3096  0.8648
     68  0.8939  0.3156  0.0103  0.3094  0.8641
     69  0.8937  0.3155  0.0100  0.3095  0.8641
     70  0.8941  0.3155  0.0077  0.3096  0.8641
     71  0.8939  0.3155  0.0069  0.3095  0.8641
     72  0.8940  0.3154  0.0067  0.3095  0.8641
     73  0.8939  0.3155  0.0069  0.3097  0.8641
     74  0.8938  0.3154  0.0073  0.3096  0.8641
     75  0.8939  0.3154  0.0073  0.3093  0.8633
     76  0.8945  0.3153  0.0080  0.3093  0.8633
     77  0.8937  0.3152  0.0068  0.3093  0.8633
     78  0.8940  0.3155  0.0080  0.3094  0.8633
     79  0.8945  0.3153  0.0075  0.3093  0.8633
     80  0.8940  0.3151  0.0081  0.3091  0.8625
     81  0.8945  0.3149  0.0087  0.3091  0.8625
     82  0.8936  0.3148  0.0078  0.3092  0.8625
     83  0.8936  0.3149  0.0102  0.3092  0.8625
     84  0.8928  0.3148  0.0091  0.3093  0.8625
     85  0.8931  0.3147  0.0083  0.3088  0.8617
     86  0.8941  0.3149  0.0085  0.3090  0.8617
     87  0.8941  0.3149  0.0074  0.3090  0.8617
     88  0.8935  0.3148  0.0086  0.3090  0.8617
     89  0.8935  0.3147  0.0084  0.3090  0.8617
     90  0.8938  0.3146  0.0092  0.3090  0.8617
     91  0.8937  0.3145  0.0070  0.3091  0.8617
     92  0.8936  0.3142  0.0075  0.3092  0.8617
     93  0.8939  0.3143  0.0083  0.3094  0.8617
     94  0.8935  0.3144  0.0071  0.3094  0.8617
     95  0.8938  0.3144  0.0079  0.3092  0.8609
     96  0.8933  0.3142  0.0071  0.3091  0.8609
     97  0.8937  0.3143  0.0071  0.3092  0.8609
     98  0.8944  0.3144  0.0066  0.3088  0.8602
     99  0.8945  0.3142  0.0057  0.3087  0.8602
    100  0.8945  0.3143  0.0053  0.3088  0.8602
    101  0.8948  0.3143  0.0076  0.3087  0.8602
    102  0.8952  0.3141  0.0069  0.3083  0.8594
    103  0.8953  0.3140  0.0077  0.3082  0.8594
    104  0.8953  0.3140  0.0069  0.3083  0.8594
    105  0.8953  0.3142  0.0071  0.3084  0.8594
    106  0.8948  0.3142  0.0068  0.3084  0.8594
    107  0.8949  0.3142  0.0070  0.3084  0.8594
    108  0.8952  0.3143  0.0077  0.3084  0.8594
    109  0.8950  0.3142  0.0086  0.3084  0.8594
    110  0.8950  0.3142  0.0084  0.3085  0.8594
    111  0.8945  0.3142  0.0078  0.3082  0.8586
    112  0.8948  0.3142  0.0081  0.3083  0.8586
    113  0.8947  0.3142  0.0089  0.3082  0.8586
    114  0.8952  0.3141  0.0090  0.3083  0.8586
    115  0.8952  0.3141  0.0073  0.3079  0.8578
    116  0.8952  0.3141  0.0070  0.3082  0.8586
    117  0.8956  0.3140  0.0071  0.3082  0.8586
    118  0.8952  0.3139  0.0060  0.3078  0.8578
    119  0.8954  0.3139  0.0068  0.3079  0.8578
    120  0.8951  0.3137  0.0074  0.3078  0.8578
    121  0.8951  0.3136  0.0074  0.3079  0.8578
    122  0.8948  0.3135  0.0071  0.3076  0.8570
    123  0.8948  0.3134  0.0073  0.3080  0.8578
    124  0.8944  0.3134  0.0072  0.3079  0.8578
    125  0.8943  0.3133  0.0065  0.3075  0.8570
    126  0.8944  0.3130  0.0072  0.3075  0.8570
    127  0.8946  0.3130  0.0065  0.3076  0.8570
    128  0.8949  0.3130  0.0070  0.3079  0.8578

